{
  "RSpec": {
    "coverage": {
      "/Users/lmedovyy/src/dc/test/dummy/app/helpers/application_helper.rb": [
        1,
        null
      ],
      "/Users/lmedovyy/src/dc/spec/factories/blogs.rb": [
        1,
        1,
        2,
        2,
        null,
        null
      ],
      "/Users/lmedovyy/src/dc/test/dummy/app/models/blog.rb": [
        1,
        null
      ],
      "/Users/lmedovyy/src/dc/test/dummy/app/models/application_record.rb": [
        1,
        1,
        null
      ],
      "/Users/lmedovyy/src/dc/spec/extensions/symbol.rb": [
        null,
        null,
        1,
        1,
        null,
        1,
        1,
        1,
        1,
        null,
        null,
        1,
        1,
        1,
        null,
        null,
        null,
        1,
        1,
        1,
        1,
        null,
        null,
        1,
        1,
        1,
        null,
        null
      ],
      "/Users/lmedovyy/src/dc/spec/controllers/blog_controller_spec.rb": [
        1,
        null,
        1,
        1,
        1,
        null,
        null
      ],
      "/Users/lmedovyy/src/dc/test/dummy/app/controllers/blog_controller.rb": [
        1,
        1,
        null,
        null
      ],
      "/Users/lmedovyy/src/dc/app/controllers/dc/meta_controller.rb": [
        1,
        1,
        null,
        null
      ],
      "/Users/lmedovyy/src/dc/app/controllers/dc/application_controller.rb": [
        1,
        1,
        1,
        null,
        null
      ],
      "/Users/lmedovyy/src/dc/app/helpers/dc/application_helper.rb": [
        1,
        1,
        null,
        null
      ],
      "/Users/lmedovyy/src/dc/spec/models/blog_spec.rb": [
        1,
        null,
        1,
        1,
        1,
        null,
        null
      ]
    },
    "timestamp": 1507054879
  }
}
