{
  "RSpec": {
    "coverage": {
      "/Users/lmedovyy/src/dc/test/dummy/app/helpers/application_helper.rb": [
        1,
        null
      ],
      "/Users/lmedovyy/src/dc/spec/extensions/symbol.rb": [
        null,
        null,
        1,
        1,
        null,
        1,
        1,
        1,
        1,
        null,
        null,
        1,
        1,
        1,
        null,
        null,
        null,
        1,
        1,
        1,
        1,
        null,
        null,
        1,
        1,
        1,
        null,
        null
      ]
    },
    "timestamp": 1507051604
  }
}
